2025-09-04 02:30:54,964 [INFO] COMPLETE Mode Set: Processing all product types
2025-09-04 02:30:54,964 [INFO] Starting product type: accessories
2025-09-04 02:30:54,965 [INFO] Processing accessories|tuners
2025-09-04 02:30:54,965 [DEBUG] Read previous listings at data/reverb/test/used-IT/accessories.parquet
2025-09-04 02:30:55,296 [INFO] STARTING SCAN OF CATEGORY: accessories|tuners at /api/listings?category=tuners&product_type=accessories
2025-09-04 02:30:55,323 [DEBUG] Starting new HTTPS connection (1): reverb.com:443
2025-09-04 02:30:58,105 [DEBUG] https://reverb.com:443 "GET /api/listings?category=tuners&product_type=accessories&condition=used&per_page=50 HTTP/1.1" 200 None
2025-09-04 02:30:58,125 [DEBUG] Entering while cycle with next_link = https://reverb.com/api/listings?category=tuners&condition=used&page=2&per_page=50&product_type=accessories
2025-09-04 02:30:58,125 [DEBUG] Last seen in session: 2025-09-02 22:31:39+00:00 | for category: 2010-04-19 19:03:11+00:00
2025-09-04 02:30:58,125 [INFO] Starting processing of accessories|tuners. 5 pages found.
2025-09-04 02:30:58,125 [INFO] Pages [1/5]
2025-09-04 02:30:58,125 [ERROR] Failed to process accessories|tuners: process_page() missing 2 required positional arguments: 'product_type' and 'category'
2025-09-04 02:30:58,125 [INFO] Processing accessories|power-supplies
2025-09-04 02:30:58,126 [DEBUG] Read previous listings at data/reverb/test/used-IT/accessories.parquet
2025-09-04 02:30:58,165 [INFO] STARTING SCAN OF CATEGORY: accessories|power-supplies at /api/listings?category=power-supplies&product_type=accessories
2025-09-04 02:30:58,167 [DEBUG] Starting new HTTPS connection (1): reverb.com:443
2025-09-04 02:31:00,265 [DEBUG] https://reverb.com:443 "GET /api/listings?category=power-supplies&product_type=accessories&condition=used&per_page=50 HTTP/1.1" 200 None
2025-09-04 02:31:00,290 [DEBUG] Entering while cycle with next_link = https://reverb.com/api/listings?category=power-supplies&condition=used&page=2&per_page=50&product_type=accessories
2025-09-04 02:31:00,291 [DEBUG] Last seen in session: 2025-09-02 19:21:31+00:00 | for category: 2010-04-19 19:03:11+00:00
2025-09-04 02:31:00,291 [INFO] Starting processing of accessories|power-supplies. 5 pages found.
2025-09-04 02:31:00,291 [INFO] Pages [1/5]
2025-09-04 02:31:00,291 [ERROR] Failed to process accessories|power-supplies: process_page() missing 2 required positional arguments: 'product_type' and 'category'
2025-09-04 02:31:00,292 [INFO] Processing accessories|other-strings
2025-09-04 02:31:00,292 [DEBUG] Read previous listings at data/reverb/test/used-IT/accessories.parquet
2025-09-04 02:31:00,323 [INFO] STARTING SCAN OF CATEGORY: accessories|other-strings at /api/listings?category=other-strings&product_type=accessories
2025-09-04 02:31:00,326 [DEBUG] Starting new HTTPS connection (1): reverb.com:443
2025-09-04 02:31:02,352 [DEBUG] https://reverb.com:443 "GET /api/listings?category=other-strings&product_type=accessories&condition=used&per_page=50 HTTP/1.1" 200 None
2025-09-04 02:31:02,386 [DEBUG] Entering while cycle with next_link = https://reverb.com/api/listings?category=other-strings&condition=used&page=2&per_page=50&product_type=accessories
2025-09-04 02:31:02,387 [DEBUG] Last seen in session: 2025-07-23 18:26:56+00:00 | for category: 2010-04-19 19:03:11+00:00
2025-09-04 02:31:02,387 [INFO] Starting processing of accessories|other-strings. 2 pages found.
2025-09-04 02:31:02,387 [INFO] Pages [1/2]
2025-09-04 02:31:02,387 [ERROR] Failed to process accessories|other-strings: process_page() missing 2 required positional arguments: 'product_type' and 'category'
2025-09-04 02:31:02,388 [INFO] Processing accessories|bass-gig-bags
2025-09-04 02:31:02,388 [DEBUG] Read previous listings at data/reverb/test/used-IT/accessories.parquet
2025-09-04 02:31:02,414 [INFO] STARTING SCAN OF CATEGORY: accessories|bass-gig-bags at /api/listings?category=bass-gig-bags&product_type=accessories
2025-09-04 02:31:02,416 [DEBUG] Starting new HTTPS connection (1): reverb.com:443
2025-09-04 02:31:04,094 [DEBUG] https://reverb.com:443 "GET /api/listings?category=bass-gig-bags&product_type=accessories&condition=used&per_page=50 HTTP/1.1" 200 None
2025-09-04 02:31:04,746 [DEBUG] Entering while cycle with next_link = None
2025-09-04 02:31:04,746 [DEBUG] Last seen in session: 2025-09-02 19:21:35+00:00 | for category: 2010-04-19 19:03:11+00:00
2025-09-04 02:31:04,746 [INFO] Starting processing of accessories|bass-gig-bags. 1 pages found.
2025-09-04 02:31:04,746 [INFO] Pages [1/1]
2025-09-04 02:31:04,746 [ERROR] Failed to process accessories|bass-gig-bags: process_page() missing 2 required positional arguments: 'product_type' and 'category'
2025-09-04 02:31:04,748 [INFO] Processing accessories|guitar-gig-bags
2025-09-04 02:31:04,749 [DEBUG] Read previous listings at data/reverb/test/used-IT/accessories.parquet
2025-09-04 02:31:04,781 [INFO] STARTING SCAN OF CATEGORY: accessories|guitar-gig-bags at /api/listings?category=guitar-gig-bags&product_type=accessories
2025-09-04 02:31:04,784 [DEBUG] Starting new HTTPS connection (1): reverb.com:443
2025-09-04 02:31:06,710 [DEBUG] https://reverb.com:443 "GET /api/listings?category=guitar-gig-bags&product_type=accessories&condition=used&per_page=50 HTTP/1.1" 200 None
2025-09-04 02:31:06,775 [DEBUG] Entering while cycle with next_link = https://reverb.com/api/listings?category=guitar-gig-bags&condition=used&page=2&per_page=50&product_type=accessories
2025-09-04 02:31:06,775 [DEBUG] Last seen in session: 2025-09-03 18:49:53+00:00 | for category: 2010-04-19 19:03:11+00:00
2025-09-04 02:31:06,776 [INFO] Starting processing of accessories|guitar-gig-bags. 3 pages found.
2025-09-04 02:31:06,776 [INFO] Pages [1/3]
2025-09-04 02:31:06,776 [ERROR] Failed to process accessories|guitar-gig-bags: process_page() missing 2 required positional arguments: 'product_type' and 'category'
2025-09-04 02:31:06,777 [INFO] Processing accessories|capos
2025-09-04 02:31:06,777 [DEBUG] Read previous listings at data/reverb/test/used-IT/accessories.parquet
2025-09-04 02:31:06,808 [INFO] STARTING SCAN OF CATEGORY: accessories|capos at /api/listings?category=capos&product_type=accessories
2025-09-04 02:31:06,810 [DEBUG] Starting new HTTPS connection (1): reverb.com:443
2025-09-04 02:31:09,064 [DEBUG] https://reverb.com:443 "GET /api/listings?category=capos&product_type=accessories&condition=used&per_page=50 HTTP/1.1" 200 None
2025-09-04 02:31:09,122 [DEBUG] Entering while cycle with next_link = https://reverb.com/api/listings?category=capos&condition=used&page=2&per_page=50&product_type=accessories
2025-09-04 02:31:09,122 [DEBUG] Last seen in session: 2025-08-16 21:25:24+00:00 | for category: 2010-04-19 19:03:11+00:00
2025-09-04 02:31:09,122 [INFO] Starting processing of accessories|capos. 2 pages found.
2025-09-04 02:31:09,122 [INFO] Pages [1/2]
2025-09-04 02:31:09,122 [ERROR] Failed to process accessories|capos: process_page() missing 2 required positional arguments: 'product_type' and 'category'
2025-09-04 02:31:09,124 [INFO] Processing accessories|case-candy
2025-09-04 02:31:09,124 [DEBUG] Read previous listings at data/reverb/test/used-IT/accessories.parquet
2025-09-04 02:31:09,229 [INFO] STARTING SCAN OF CATEGORY: accessories|case-candy at /api/listings?category=case-candy&product_type=accessories
2025-09-04 02:31:09,230 [DEBUG] Starting new HTTPS connection (1): reverb.com:443
2025-09-04 02:31:11,316 [DEBUG] https://reverb.com:443 "GET /api/listings?category=case-candy&product_type=accessories&condition=used&per_page=50 HTTP/1.1" 200 None
2025-09-04 02:31:11,357 [DEBUG] Entering while cycle with next_link = https://reverb.com/api/listings?category=case-candy&condition=used&page=2&per_page=50&product_type=accessories
2025-09-04 02:31:11,357 [DEBUG] Last seen in session: 2025-09-03 19:01:41+00:00 | for category: 2010-04-19 19:03:11+00:00
2025-09-04 02:31:11,357 [INFO] Starting processing of accessories|case-candy. 50 pages found.
2025-09-04 02:31:11,358 [INFO] Pages [1/50]
2025-09-04 02:31:11,358 [ERROR] Failed to process accessories|case-candy: process_page() missing 2 required positional arguments: 'product_type' and 'category'
2025-09-04 02:31:11,361 [INFO] Processing accessories|cables
2025-09-04 02:31:11,362 [DEBUG] Read previous listings at data/reverb/test/used-IT/accessories.parquet
2025-09-04 02:31:11,426 [INFO] STARTING SCAN OF CATEGORY: accessories|cables at /api/listings?category=cables&product_type=accessories
2025-09-04 02:31:11,428 [DEBUG] Starting new HTTPS connection (1): reverb.com:443
2025-09-04 02:31:13,487 [DEBUG] https://reverb.com:443 "GET /api/listings?category=cables&product_type=accessories&condition=used&per_page=50 HTTP/1.1" 200 None
2025-09-04 02:31:13,533 [DEBUG] Entering while cycle with next_link = https://reverb.com/api/listings?category=cables&condition=used&page=2&per_page=50&product_type=accessories
2025-09-04 02:31:13,533 [DEBUG] Last seen in session: 2025-09-03 15:07:12+00:00 | for category: 2010-04-19 19:03:11+00:00
2025-09-04 02:31:13,533 [INFO] Starting processing of accessories|cables. 21 pages found.
2025-09-04 02:31:13,533 [INFO] Pages [1/21]
2025-09-04 02:31:13,533 [ERROR] Failed to process accessories|cables: process_page() missing 2 required positional arguments: 'product_type' and 'category'
2025-09-04 02:31:13,536 [INFO] Processing accessories|banjo-strings
2025-09-04 02:31:13,536 [DEBUG] Read previous listings at data/reverb/test/used-IT/accessories.parquet
2025-09-04 02:31:13,563 [INFO] STARTING SCAN OF CATEGORY: accessories|banjo-strings at /api/listings?category=banjo-strings&product_type=accessories
2025-09-04 02:31:13,565 [DEBUG] Starting new HTTPS connection (1): reverb.com:443
2025-09-04 02:31:14,299 [DEBUG] https://reverb.com:443 "GET /api/listings?category=banjo-strings&product_type=accessories&condition=used&per_page=50 HTTP/1.1" 200 None
2025-09-04 02:31:14,304 [DEBUG] Entering while cycle with next_link = None
2025-09-04 02:31:14,304 [DEBUG] Last seen in session: 2023-02-11 21:22:02+00:00 | for category: 2010-04-19 19:03:11+00:00
2025-09-04 02:31:14,304 [INFO] Starting processing of accessories|banjo-strings. 1 pages found.
2025-09-04 02:31:14,304 [INFO] Pages [1/1]
2025-09-04 02:31:14,305 [ERROR] Failed to process accessories|banjo-strings: process_page() missing 2 required positional arguments: 'product_type' and 'category'
2025-09-04 02:31:14,305 [INFO] Processing accessories|bass-strings
2025-09-04 02:31:14,306 [DEBUG] Read previous listings at data/reverb/test/used-IT/accessories.parquet
2025-09-04 02:31:14,324 [INFO] STARTING SCAN OF CATEGORY: accessories|bass-strings at /api/listings?category=bass-strings&product_type=accessories
2025-09-04 02:31:14,326 [DEBUG] Starting new HTTPS connection (1): reverb.com:443
2025-09-04 02:31:16,368 [DEBUG] https://reverb.com:443 "GET /api/listings?category=bass-strings&product_type=accessories&condition=used&per_page=50 HTTP/1.1" 200 None
2025-09-04 02:31:16,390 [DEBUG] Entering while cycle with next_link = https://reverb.com/api/listings?category=bass-strings&condition=used&page=2&per_page=50&product_type=accessories
2025-09-04 02:31:16,390 [DEBUG] Last seen in session: 2025-08-15 11:47:31+00:00 | for category: 2010-04-19 19:03:11+00:00
2025-09-04 02:31:16,390 [INFO] Starting processing of accessories|bass-strings. 3 pages found.
2025-09-04 02:31:16,390 [INFO] Pages [1/3]
2025-09-04 02:31:16,390 [ERROR] Failed to process accessories|bass-strings: process_page() missing 2 required positional arguments: 'product_type' and 'category'
2025-09-04 02:31:16,391 [INFO] Processing accessories|guitar-strings
2025-09-04 02:31:16,392 [DEBUG] Read previous listings at data/reverb/test/used-IT/accessories.parquet
2025-09-04 02:31:16,435 [INFO] STARTING SCAN OF CATEGORY: accessories|guitar-strings at /api/listings?category=guitar-strings&product_type=accessories
2025-09-04 02:31:16,437 [DEBUG] Starting new HTTPS connection (1): reverb.com:443
2025-09-04 02:31:18,521 [DEBUG] https://reverb.com:443 "GET /api/listings?category=guitar-strings&product_type=accessories&condition=used&per_page=50 HTTP/1.1" 200 None
2025-09-04 02:31:18,527 [DEBUG] Entering while cycle with next_link = https://reverb.com/api/listings?category=guitar-strings&condition=used&page=2&per_page=50&product_type=accessories
2025-09-04 02:31:18,527 [DEBUG] Last seen in session: 2025-08-26 14:52:19+00:00 | for category: 2010-04-19 19:03:11+00:00
2025-09-04 02:31:18,527 [INFO] Starting processing of accessories|guitar-strings. 8 pages found.
2025-09-04 02:31:18,527 [INFO] Pages [1/8]
2025-09-04 02:31:18,528 [ERROR] Failed to process accessories|guitar-strings: process_page() missing 2 required positional arguments: 'product_type' and 'category'
2025-09-04 02:31:18,529 [INFO] Processing accessories|mandolin-strings
2025-09-04 02:31:18,529 [DEBUG] Read previous listings at data/reverb/test/used-IT/accessories.parquet
2025-09-04 02:31:18,556 [INFO] STARTING SCAN OF CATEGORY: accessories|mandolin-strings at /api/listings?category=mandolin-strings&product_type=accessories
2025-09-04 02:31:18,558 [DEBUG] Starting new HTTPS connection (1): reverb.com:443
2025-09-04 02:31:19,226 [DEBUG] https://reverb.com:443 "GET /api/listings?category=mandolin-strings&product_type=accessories&condition=used&per_page=50 HTTP/1.1" 200 None
2025-09-04 02:31:19,229 [DEBUG] Entering while cycle with next_link = None
2025-09-04 02:31:19,229 [DEBUG] Last seen in session: 2020-07-26 17:07:38+00:00 | for category: 2010-04-19 19:03:11+00:00
2025-09-04 02:31:19,229 [INFO] Starting processing of accessories|mandolin-strings. 1 pages found.
2025-09-04 02:31:19,229 [INFO] Pages [1/1]
2025-09-04 02:31:19,229 [ERROR] Failed to process accessories|mandolin-strings: process_page() missing 2 required positional arguments: 'product_type' and 'category'
2025-09-04 02:31:19,230 [INFO] Processing accessories|ukulele-strings
2025-09-04 02:31:19,231 [DEBUG] Read previous listings at data/reverb/test/used-IT/accessories.parquet
2025-09-04 02:31:19,258 [INFO] STARTING SCAN OF CATEGORY: accessories|ukulele-strings at /api/listings?category=ukulele-strings&product_type=accessories
2025-09-04 02:31:19,260 [DEBUG] Starting new HTTPS connection (1): reverb.com:443
2025-09-04 02:31:20,039 [DEBUG] https://reverb.com:443 "GET /api/listings?category=ukulele-strings&product_type=accessories&condition=used&per_page=50 HTTP/1.1" 200 None
2025-09-04 02:31:20,042 [DEBUG] Entering while cycle with next_link = None
2025-09-04 02:31:20,042 [DEBUG] Last seen in session: 2025-04-04 06:48:50+00:00 | for category: 2010-04-19 19:03:11+00:00
2025-09-04 02:31:20,042 [INFO] Starting processing of accessories|ukulele-strings. 1 pages found.
2025-09-04 02:31:20,042 [INFO] Pages [1/1]
2025-09-04 02:31:20,042 [ERROR] Failed to process accessories|ukulele-strings: process_page() missing 2 required positional arguments: 'product_type' and 'category'
2025-09-04 02:31:20,043 [INFO] Processing accessories|headphones
2025-09-04 02:31:20,044 [DEBUG] Read previous listings at data/reverb/test/used-IT/accessories.parquet
2025-09-04 02:31:20,075 [INFO] STARTING SCAN OF CATEGORY: accessories|headphones at /api/listings?category=headphones&product_type=accessories
2025-09-04 02:31:20,078 [DEBUG] Starting new HTTPS connection (1): reverb.com:443
2025-09-04 02:31:21,966 [DEBUG] https://reverb.com:443 "GET /api/listings?category=headphones&product_type=accessories&condition=used&per_page=50 HTTP/1.1" 200 None
2025-09-04 02:31:22,007 [DEBUG] Entering while cycle with next_link = https://reverb.com/api/listings?category=headphones&condition=used&page=2&per_page=50&product_type=accessories
2025-09-04 02:31:22,007 [DEBUG] Last seen in session: 2025-09-03 19:28:18+00:00 | for category: 2010-04-19 19:03:11+00:00
2025-09-04 02:31:22,007 [INFO] Starting processing of accessories|headphones. 3 pages found.
2025-09-04 02:31:22,007 [INFO] Pages [1/3]
2025-09-04 02:31:22,008 [ERROR] Failed to process accessories|headphones: process_page() missing 2 required positional arguments: 'product_type' and 'category'
2025-09-04 02:31:22,009 [INFO] Processing accessories|amp-covers
2025-09-04 02:31:22,009 [DEBUG] Read previous listings at data/reverb/test/used-IT/accessories.parquet
2025-09-04 02:31:22,040 [INFO] STARTING SCAN OF CATEGORY: accessories|amp-covers at /api/listings?category=amp-covers&product_type=accessories
2025-09-04 02:31:22,042 [DEBUG] Starting new HTTPS connection (1): reverb.com:443
2025-09-04 02:31:24,860 [DEBUG] https://reverb.com:443 "GET /api/listings?category=amp-covers&product_type=accessories&condition=used&per_page=50 HTTP/1.1" 200 None
2025-09-04 02:31:24,882 [DEBUG] Entering while cycle with next_link = https://reverb.com/api/listings?category=amp-covers&condition=used&page=2&per_page=50&product_type=accessories
2025-09-04 02:31:24,882 [DEBUG] Last seen in session: 2025-09-02 19:21:17+00:00 | for category: 2010-04-19 19:03:11+00:00
2025-09-04 02:31:24,882 [INFO] Starting processing of accessories|amp-covers. 3 pages found.
2025-09-04 02:31:24,883 [INFO] Pages [1/3]
2025-09-04 02:31:24,883 [ERROR] Failed to process accessories|amp-covers: process_page() missing 2 required positional arguments: 'product_type' and 'category'
2025-09-04 02:31:24,884 [INFO] Processing accessories|bass-cases
2025-09-04 02:31:24,885 [DEBUG] Read previous listings at data/reverb/test/used-IT/accessories.parquet
2025-09-04 02:31:24,915 [INFO] STARTING SCAN OF CATEGORY: accessories|bass-cases at /api/listings?category=bass-cases&product_type=accessories
2025-09-04 02:31:24,918 [DEBUG] Starting new HTTPS connection (1): reverb.com:443
2025-09-04 02:31:27,099 [DEBUG] https://reverb.com:443 "GET /api/listings?category=bass-cases&product_type=accessories&condition=used&per_page=50 HTTP/1.1" 200 None
2025-09-04 02:31:27,149 [DEBUG] Entering while cycle with next_link = https://reverb.com/api/listings?category=bass-cases&condition=used&page=2&per_page=50&product_type=accessories
2025-09-04 02:31:27,149 [DEBUG] Last seen in session: 2025-08-30 21:43:09+00:00 | for category: 2010-04-19 19:03:11+00:00
2025-09-04 02:31:27,149 [INFO] Starting processing of accessories|bass-cases. 3 pages found.
2025-09-04 02:31:27,149 [INFO] Pages [1/3]
2025-09-04 02:31:27,149 [ERROR] Failed to process accessories|bass-cases: process_page() missing 2 required positional arguments: 'product_type' and 'category'
2025-09-04 02:31:27,150 [INFO] Processing accessories|guitar-cases
2025-09-04 02:31:27,150 [DEBUG] Read previous listings at data/reverb/test/used-IT/accessories.parquet
2025-09-04 02:31:27,191 [INFO] STARTING SCAN OF CATEGORY: accessories|guitar-cases at /api/listings?category=guitar-cases&product_type=accessories
2025-09-04 02:31:27,193 [DEBUG] Starting new HTTPS connection (1): reverb.com:443
2025-09-04 02:31:29,131 [DEBUG] https://reverb.com:443 "GET /api/listings?category=guitar-cases&product_type=accessories&condition=used&per_page=50 HTTP/1.1" 200 None
2025-09-04 02:31:29,194 [DEBUG] Entering while cycle with next_link = https://reverb.com/api/listings?category=guitar-cases&condition=used&page=2&per_page=50&product_type=accessories
2025-09-04 02:31:29,194 [DEBUG] Last seen in session: 2025-09-03 18:44:26+00:00 | for category: 2010-04-19 19:03:11+00:00
2025-09-04 02:31:29,194 [INFO] Starting processing of accessories|guitar-cases. 15 pages found.
2025-09-04 02:31:29,194 [INFO] Pages [1/15]
2025-09-04 02:31:29,194 [ERROR] Failed to process accessories|guitar-cases: process_page() missing 2 required positional arguments: 'product_type' and 'category'
2025-09-04 02:31:29,196 [INFO] Processing accessories|books-and-dvds
2025-09-04 02:31:29,196 [DEBUG] Read previous listings at data/reverb/test/used-IT/accessories.parquet
2025-09-04 02:31:29,299 [INFO] STARTING SCAN OF CATEGORY: accessories|books-and-dvds at /api/listings?category=books-and-dvds&product_type=accessories
2025-09-04 02:31:29,300 [DEBUG] Starting new HTTPS connection (1): reverb.com:443
